<?xml version="1.0" encoding="UTF-8"?>
<testng-results skipped="0" failed="0" total="1" passed="1">
  <reporter-output>
  </reporter-output>
  <suite name="com.test.TestProject.NewTest" duration-ms="24" started-at="2017-11-22T19:45:25Z" finished-at="2017-11-22T19:45:25Z">
    <groups>
    </groups>
    <test name="Command line test" duration-ms="24" started-at="2017-11-22T19:45:25Z" finished-at="2017-11-22T19:45:25Z">
      <class name="com.test.TestProject.NewTest">
        <test-method status="PASS" signature="beforeClass()[pri:0, instance:com.test.TestProject.NewTest@2acf57e3]" name="beforeClass" is-config="true" duration-ms="11" started-at="2017-11-23T01:15:25Z" finished-at="2017-11-23T01:15:25Z">
          <reporter-output>
          </reporter-output>
        </test-method> <!-- beforeClass -->
        <test-method status="PASS" signature="beforeMethod()[pri:0, instance:com.test.TestProject.NewTest@2acf57e3]" name="beforeMethod" is-config="true" duration-ms="0" started-at="2017-11-23T01:15:25Z" finished-at="2017-11-23T01:15:25Z">
          <reporter-output>
          </reporter-output>
        </test-method> <!-- beforeMethod -->
        <test-method status="PASS" signature="f()[pri:0, instance:com.test.TestProject.NewTest@2acf57e3]" name="f" duration-ms="2" started-at="2017-11-23T01:15:25Z" finished-at="2017-11-23T01:15:25Z">
          <reporter-output>
          </reporter-output>
        </test-method> <!-- f -->
        <test-method status="PASS" signature="afterClass()[pri:0, instance:com.test.TestProject.NewTest@2acf57e3]" name="afterClass" is-config="true" duration-ms="0" started-at="2017-11-23T01:15:25Z" finished-at="2017-11-23T01:15:25Z">
          <reporter-output>
          </reporter-output>
        </test-method> <!-- afterClass -->
      </class> <!-- com.test.TestProject.NewTest -->
    </test> <!-- Command line test -->
  </suite> <!-- com.test.TestProject.NewTest -->
</testng-results>
