<?xml version="1.0" encoding="UTF-8"?>
<testng-results skipped="0" failed="0" total="2" passed="2">
  <reporter-output>
  </reporter-output>
  <suite name="Default suite" duration-ms="1572" started-at="2017-11-23T06:58:32Z" finished-at="2017-11-23T06:58:34Z">
    <groups>
    </groups>
    <test name="Default test" duration-ms="1572" started-at="2017-11-23T06:58:32Z" finished-at="2017-11-23T06:58:34Z">
      <class name="com.test.TestProject.NewTest">
        <test-method status="PASS" signature="UserisNotNearAnyStore()[pri:0, instance:com.test.TestProject.NewTest@6767c1fc]" name="UserisNotNearAnyStore" duration-ms="1413" started-at="2017-11-23T12:28:32Z" finished-at="2017-11-23T12:28:34Z">
          <reporter-output>
          </reporter-output>
        </test-method> <!-- UserisNotNearAnyStore -->
        <test-method status="PASS" signature="UserisinStore9()[pri:0, instance:com.test.TestProject.NewTest@6767c1fc]" name="UserisinStore9" duration-ms="11" started-at="2017-11-23T12:28:34Z" finished-at="2017-11-23T12:28:34Z">
          <reporter-output>
          </reporter-output>
        </test-method> <!-- UserisinStore9 -->
      </class> <!-- com.test.TestProject.NewTest -->
    </test> <!-- Default test -->
  </suite> <!-- Default suite -->
</testng-results>
